<?xml version="1.0" encoding="utf-8"?>
<coverage line-rate="0.287" branch-rate="0.2586" version="1.9" timestamp="1755273847" lines-covered="378" lines-valid="1317" branches-covered="60" branches-valid="232">
  <sources>
    <source>D:\source\repos\MCP-VS-AUTOMATION\src\</source>
  </sources>
  <packages>
    <package name="VisualStudioMcp.Imaging" line-rate="0.3" branch-rate="0.2586" complexity="360">
      <classes>
        <class name="VisualStudioMcp.Imaging.SafeDeviceContext" filename="VisualStudioMcp.Imaging\GdiResourceManager.cs" line-rate="0" branch-rate="0" complexity="12">
          <methods>
            <method name="get_Handle" signature="()" line-rate="0" branch-rate="1" complexity="1">
              <lines>
                <line number="16" hits="0" branch="False" />
              </lines>
            </method>
            <method name="GetWindowDC" signature="(System.IntPtr)" line-rate="0" branch-rate="0" complexity="2">
              <lines>
                <line number="25" hits="0" branch="False" />
                <line number="26" hits="0" branch="False" />
                <line number="27" hits="0" branch="True" condition-coverage="0% (0/2)">
                  <conditions>
                    <condition number="14" type="jump" coverage="0%" />
                  </conditions>
                </line>
                <line number="28" hits="0" branch="False" />
              </lines>
            </method>
            <method name="GetScreenDC" signature="()" line-rate="0" branch-rate="0" complexity="2">
              <lines>
                <line number="31" hits="0" branch="False" />
                <line number="32" hits="0" branch="False" />
                <line number="33" hits="0" branch="True" condition-coverage="0% (0/2)">
                  <conditions>
                    <condition number="18" type="jump" coverage="0%" />
                  </conditions>
                </line>
                <line number="34" hits="0" branch="False" />
              </lines>
            </method>
            <method name="Dispose" signature="()" line-rate="0" branch-rate="1" complexity="1">
              <lines>
                <line number="37" hits="0" branch="False" />
                <line number="38" hits="0" branch="False" />
                <line number="39" hits="0" branch="False" />
                <line number="40" hits="0" branch="False" />
              </lines>
            </method>
            <method name="Dispose" signature="(System.Boolean)" line-rate="0" branch-rate="0" complexity="4">
              <lines>
                <line number="43" hits="0" branch="False" />
                <line number="44" hits="0" branch="True" condition-coverage="0% (0/4)">
                  <conditions>
                    <condition number="7" type="jump" coverage="0%" />
                    <condition number="30" type="jump" coverage="0%" />
                  </conditions>
                </line>
                <line number="45" hits="0" branch="False" />
                <line number="46" hits="0" branch="False" />
                <line number="47" hits="0" branch="False" />
                <line number="48" hits="0" branch="False" />
                <line number="49" hits="0" branch="False" />
                <line number="50" hits="0" branch="False" />
              </lines>
            </method>
            <method name="Finalize" signature="()" line-rate="0" branch-rate="1" complexity="1">
              <lines>
                <line number="53" hits="0" branch="False" />
                <line number="54" hits="0" branch="False" />
                <line number="55" hits="0" branch="False" />
              </lines>
            </method>
            <method name=".ctor" signature="(System.IntPtr,System.IntPtr)" line-rate="0" branch-rate="1" complexity="1">
              <lines>
                <line number="18" hits="0" branch="False" />
                <line number="19" hits="0" branch="False" />
                <line number="20" hits="0" branch="False" />
                <line number="21" hits="0" branch="False" />
                <line number="22" hits="0" branch="False" />
              </lines>
            </method>
          </methods>
          <lines>
            <line number="16" hits="0" branch="False" />
            <line number="25" hits="0" branch="False" />
            <line number="26" hits="0" branch="False" />
            <line number="27" hits="0" branch="True" condition-coverage="0% (0/2)">
              <conditions>
                <condition number="14" type="jump" coverage="0%" />
              </conditions>
            </line>
            <line number="28" hits="0" branch="False" />
            <line number="31" hits="0" branch="False" />
            <line number="32" hits="0" branch="False" />
            <line number="33" hits="0" branch="True" condition-coverage="0% (0/2)">
              <conditions>
                <condition number="18" type="jump" coverage="0%" />
              </conditions>
            </line>
            <line number="34" hits="0" branch="False" />
            <line number="37" hits="0" branch="False" />
            <line number="38" hits="0" branch="False" />
            <line number="39" hits="0" branch="False" />
            <line number="40" hits="0" branch="False" />
            <line number="43" hits="0" branch="False" />
            <line number="44" hits="0" branch="True" condition-coverage="0% (0/4)">
              <conditions>
                <condition number="7" type="jump" coverage="0%" />
                <condition number="30" type="jump" coverage="0%" />
              </conditions>
            </line>
            <line number="45" hits="0" branch="False" />
            <line number="46" hits="0" branch="False" />
            <line number="47" hits="0" branch="False" />
            <line number="48" hits="0" branch="False" />
            <line number="49" hits="0" branch="False" />
            <line number="50" hits="0" branch="False" />
            <line number="53" hits="0" branch="False" />
            <line number="54" hits="0" branch="False" />
            <line number="55" hits="0" branch="False" />
            <line number="18" hits="0" branch="False" />
            <line number="19" hits="0" branch="False" />
            <line number="20" hits="0" branch="False" />
            <line number="21" hits="0" branch="False" />
            <line number="22" hits="0" branch="False" />
          </lines>
        </class>
        <class name="VisualStudioMcp.Imaging.SafeBitmap" filename="VisualStudioMcp.Imaging\GdiResourceManager.cs" line-rate="0.1666" branch-rate="0.1666" complexity="10">
          <methods>
            <method name="get_Handle" signature="()" line-rate="0" branch-rate="1" complexity="1">
              <lines>
                <line number="67" hits="0" branch="False" />
              </lines>
            </method>
            <method name="CreateCompatibleBitmap" signature="(System.IntPtr,System.Int32,System.Int32)" line-rate="1" branch-rate="0.5" complexity="2">
              <lines>
                <line number="75" hits="7" branch="False" />
                <line number="76" hits="7" branch="False" />
                <line number="77" hits="7" branch="True" condition-coverage="50% (1/2)">
                  <conditions>
                    <condition number="16" type="jump" coverage="50%" />
                  </conditions>
                </line>
                <line number="78" hits="7" branch="False" />
              </lines>
            </method>
            <method name="Dispose" signature="()" line-rate="0" branch-rate="1" complexity="1">
              <lines>
                <line number="81" hits="0" branch="False" />
                <line number="82" hits="0" branch="False" />
                <line number="83" hits="0" branch="False" />
                <line number="84" hits="0" branch="False" />
              </lines>
            </method>
            <method name="Dispose" signature="(System.Boolean)" line-rate="0" branch-rate="0" complexity="4">
              <lines>
                <line number="87" hits="0" branch="False" />
                <line number="88" hits="0" branch="True" condition-coverage="0% (0/4)">
                  <conditions>
                    <condition number="7" type="jump" coverage="0%" />
                    <condition number="30" type="jump" coverage="0%" />
                  </conditions>
                </line>
                <line number="89" hits="0" branch="False" />
                <line number="90" hits="0" branch="False" />
                <line number="91" hits="0" branch="False" />
                <line number="92" hits="0" branch="False" />
                <line number="93" hits="0" branch="False" />
                <line number="94" hits="0" branch="False" />
              </lines>
            </method>
            <method name="Finalize" signature="()" line-rate="0" branch-rate="1" complexity="1">
              <lines>
                <line number="97" hits="0" branch="False" />
                <line number="98" hits="0" branch="False" />
                <line number="99" hits="0" branch="False" />
              </lines>
            </method>
            <method name=".ctor" signature="(System.IntPtr)" line-rate="0" branch-rate="1" complexity="1">
              <lines>
                <line number="69" hits="0" branch="False" />
                <line number="70" hits="0" branch="False" />
                <line number="71" hits="0" branch="False" />
                <line number="72" hits="0" branch="False" />
              </lines>
            </method>
          </methods>
          <lines>
            <line number="67" hits="0" branch="False" />
            <line number="75" hits="7" branch="False" />
            <line number="76" hits="7" branch="False" />
            <line number="77" hits="7" branch="True" condition-coverage="50% (1/2)">
              <conditions>
                <condition number="16" type="jump" coverage="50%" />
              </conditions>
            </line>
            <line number="78" hits="7" branch="False" />
            <line number="81" hits="0" branch="False" />
            <line number="82" hits="0" branch="False" />
            <line number="83" hits="0" branch="False" />
            <line number="84" hits="0" branch="False" />
            <line number="87" hits="0" branch="False" />
            <line number="88" hits="0" branch="True" condition-coverage="0% (0/4)">
              <conditions>
                <condition number="7" type="jump" coverage="0%" />
                <condition number="30" type="jump" coverage="0%" />
              </conditions>
            </line>
            <line number="89" hits="0" branch="False" />
            <line number="90" hits="0" branch="False" />
            <line number="91" hits="0" branch="False" />
            <line number="92" hits="0" branch="False" />
            <line number="93" hits="0" branch="False" />
            <line number="94" hits="0" branch="False" />
            <line number="97" hits="0" branch="False" />
            <line number="98" hits="0" branch="False" />
            <line number="99" hits="0" branch="False" />
            <line number="69" hits="0" branch="False" />
            <line number="70" hits="0" branch="False" />
            <line number="71" hits="0" branch="False" />
            <line number="72" hits="0" branch="False" />
          </lines>
        </class>
        <class name="VisualStudioMcp.Imaging.SafeMemoryDC" filename="VisualStudioMcp.Imaging\GdiResourceManager.cs" line-rate="0.6857" branch-rate="0.75" complexity="13">
          <methods>
            <method name="get_Handle" signature="()" line-rate="0" branch-rate="1" complexity="1">
              <lines>
                <line number="112" hits="0" branch="False" />
              </lines>
            </method>
            <method name="CreateCompatibleDC" signature="(System.IntPtr)" line-rate="1" branch-rate="0.5" complexity="2">
              <lines>
                <line number="120" hits="7" branch="False" />
                <line number="121" hits="7" branch="False" />
                <line number="122" hits="7" branch="True" condition-coverage="50% (1/2)">
                  <conditions>
                    <condition number="14" type="jump" coverage="50%" />
                  </conditions>
                </line>
                <line number="123" hits="7" branch="False" />
              </lines>
            </method>
            <method name="SelectBitmap" signature="(System.IntPtr)" line-rate="0" branch-rate="1" complexity="1">
              <lines>
                <line number="126" hits="0" branch="False" />
                <line number="127" hits="0" branch="False" />
                <line number="128" hits="0" branch="False" />
              </lines>
            </method>
            <method name="Dispose" signature="()" line-rate="1" branch-rate="1" complexity="1">
              <lines>
                <line number="131" hits="7" branch="False" />
                <line number="132" hits="7" branch="False" />
                <line number="133" hits="7" branch="False" />
                <line number="134" hits="7" branch="False" />
              </lines>
            </method>
            <method name="Dispose" signature="(System.Boolean)" line-rate="0.75" branch-rate="0.8332999999999999" complexity="6">
              <lines>
                <line number="137" hits="7" branch="False" />
                <line number="138" hits="7" branch="True" condition-coverage="100% (2/2)">
                  <conditions>
                    <condition number="12" type="jump" coverage="100%" />
                  </conditions>
                </line>
                <line number="139" hits="7" branch="False" />
                <line number="140" hits="7" branch="True" condition-coverage="50% (1/2)">
                  <conditions>
                    <condition number="33" type="jump" coverage="50%" />
                  </conditions>
                </line>
                <line number="141" hits="0" branch="False" />
                <line number="142" hits="0" branch="False" />
                <line number="143" hits="0" branch="False" />
                <line number="144" hits="0" branch="False" />
                <line number="146" hits="7" branch="True" condition-coverage="100% (2/2)">
                  <conditions>
                    <condition number="84" type="jump" coverage="100%" />
                  </conditions>
                </line>
                <line number="147" hits="7" branch="False" />
                <line number="148" hits="7" branch="False" />
                <line number="149" hits="7" branch="False" />
                <line number="150" hits="7" branch="False" />
                <line number="152" hits="7" branch="False" />
                <line number="153" hits="7" branch="False" />
                <line number="154" hits="7" branch="False" />
              </lines>
            </method>
            <method name="Finalize" signature="()" line-rate="0" branch-rate="1" complexity="1">
              <lines>
                <line number="157" hits="0" branch="False" />
                <line number="158" hits="0" branch="False" />
                <line number="159" hits="0" branch="False" />
              </lines>
            </method>
            <method name=".ctor" signature="(System.IntPtr)" line-rate="1" branch-rate="1" complexity="1">
              <lines>
                <line number="114" hits="7" branch="False" />
                <line number="115" hits="7" branch="False" />
                <line number="116" hits="7" branch="False" />
                <line number="117" hits="7" branch="False" />
              </lines>
            </method>
          </methods>
          <lines>
            <line number="112" hits="0" branch="False" />
            <line number="120" hits="7" branch="False" />
            <line number="121" hits="7" branch="False" />
            <line number="122" hits="7" branch="True" condition-coverage="50% (1/2)">
              <conditions>
                <condition number="14" type="jump" coverage="50%" />
              </conditions>
            </line>
            <line number="123" hits="7" branch="False" />
            <line number="126" hits="0" branch="False" />
            <line number="127" hits="0" branch="False" />
            <line number="128" hits="0" branch="False" />
            <line number="131" hits="7" branch="False" />
            <line number="132" hits="7" branch="False" />
            <line number="133" hits="7" branch="False" />
            <line number="134" hits="7" branch="False" />
            <line number="137" hits="7" branch="False" />
            <line number="138" hits="7" branch="True" condition-coverage="100% (2/2)">
              <conditions>
                <condition number="12" type="jump" coverage="100%" />
              </conditions>
            </line>
            <line number="139" hits="7" branch="False" />
            <line number="140" hits="7" branch="True" condition-coverage="50% (1/2)">
              <conditions>
                <condition number="33" type="jump" coverage="50%" />
              </conditions>
            </line>
            <line number="141" hits="0" branch="False" />
            <line number="142" hits="0" branch="False" />
            <line number="143" hits="0" branch="False" />
            <line number="144" hits="0" branch="False" />
            <line number="146" hits="7" branch="True" condition-coverage="100% (2/2)">
              <conditions>
                <condition number="84" type="jump" coverage="100%" />
              </conditions>
            </line>
            <line number="147" hits="7" branch="False" />
            <line number="148" hits="7" branch="False" />
            <line number="149" hits="7" branch="False" />
            <line number="150" hits="7" branch="False" />
            <line number="152" hits="7" branch="False" />
            <line number="153" hits="7" branch="False" />
            <line number="154" hits="7" branch="False" />
            <line number="157" hits="0" branch="False" />
            <line number="158" hits="0" branch="False" />
            <line number="159" hits="0" branch="False" />
            <line number="114" hits="7" branch="False" />
            <line number="115" hits="7" branch="False" />
            <line number="116" hits="7" branch="False" />
            <line number="117" hits="7" branch="False" />
          </lines>
        </class>
        <class name="VisualStudioMcp.Imaging.GdiNativeMethods" filename="VisualStudioMcp.Imaging\GdiResourceManager.cs" line-rate="0" branch-rate="0" complexity="4">
          <methods>
            <method name="ThrowIfError" signature="(System.String)" line-rate="0" branch-rate="0" complexity="2">
              <lines>
                <line number="263" hits="0" branch="False" />
                <line number="264" hits="0" branch="False" />
                <line number="265" hits="0" branch="True" condition-coverage="0% (0/2)">
                  <conditions>
                    <condition number="13" type="jump" coverage="0%" />
                  </conditions>
                </line>
                <line number="266" hits="0" branch="False" />
                <line number="267" hits="0" branch="False" />
                <line number="269" hits="0" branch="False" />
              </lines>
            </method>
            <method name="ValidateHandle" signature="(System.IntPtr,System.String)" line-rate="0" branch-rate="0" complexity="2">
              <lines>
                <line number="278" hits="0" branch="False" />
                <line number="279" hits="0" branch="True" condition-coverage="0% (0/2)">
                  <conditions>
                    <condition number="11" type="jump" coverage="0%" />
                  </conditions>
                </line>
                <line number="280" hits="0" branch="False" />
                <line number="281" hits="0" branch="False" />
                <line number="282" hits="0" branch="False" />
                <line number="284" hits="0" branch="False" />
              </lines>
            </method>
          </methods>
          <lines>
            <line number="263" hits="0" branch="False" />
            <line number="264" hits="0" branch="False" />
            <line number="265" hits="0" branch="True" condition-coverage="0% (0/2)">
              <conditions>
                <condition number="13" type="jump" coverage="0%" />
              </conditions>
            </line>
            <line number="266" hits="0" branch="False" />
            <line number="267" hits="0" branch="False" />
            <line number="269" hits="0" branch="False" />
            <line number="278" hits="0" branch="False" />
            <line number="279" hits="0" branch="True" condition-coverage="0% (0/2)">
              <conditions>
                <condition number="11" type="jump" coverage="0%" />
              </conditions>
            </line>
            <line number="280" hits="0" branch="False" />
            <line number="281" hits="0" branch="False" />
            <line number="282" hits="0" branch="False" />
            <line number="284" hits="0" branch="False" />
          </lines>
        </class>
        <class name="VisualStudioMcp.Imaging.GdiNativeMethods/RECT" filename="VisualStudioMcp.Imaging\GdiResourceManager.cs" line-rate="1" branch-rate="1" complexity="2">
          <methods>
            <method name="get_Width" signature="()" line-rate="1" branch-rate="1" complexity="1">
              <lines>
                <line number="294" hits="1822" branch="False" />
              </lines>
            </method>
            <method name="get_Height" signature="()" line-rate="1" branch-rate="1" complexity="1">
              <lines>
                <line number="295" hits="1822" branch="False" />
              </lines>
            </method>
          </methods>
          <lines>
            <line number="294" hits="1822" branch="False" />
            <line number="295" hits="1822" branch="False" />
          </lines>
        </class>
        <class name="VisualStudioMcp.Imaging.ImageCapture" filename="VisualStudioMcp.Imaging\IImagingService.cs" line-rate="1" branch-rate="1" complexity="6">
          <methods>
            <method name="get_ImageData" signature="()" line-rate="1" branch-rate="1" complexity="1">
              <lines>
                <line number="86" hits="317" branch="False" />
              </lines>
            </method>
            <method name="get_ImageFormat" signature="()" line-rate="1" branch-rate="1" complexity="1">
              <lines>
                <line number="91" hits="316" branch="False" />
              </lines>
            </method>
            <method name="get_Width" signature="()" line-rate="1" branch-rate="1" complexity="1">
              <lines>
                <line number="96" hits="209" branch="False" />
              </lines>
            </method>
            <method name="get_Height" signature="()" line-rate="1" branch-rate="1" complexity="1">
              <lines>
                <line number="101" hits="209" branch="False" />
              </lines>
            </method>
            <method name="get_CaptureTime" signature="()" line-rate="1" branch-rate="1" complexity="1">
              <lines>
                <line number="106" hits="216" branch="False" />
              </lines>
            </method>
            <method name="get_Metadata" signature="()" line-rate="1" branch-rate="1" complexity="1">
              <lines>
                <line number="111" hits="108" branch="False" />
              </lines>
            </method>
          </methods>
          <lines>
            <line number="86" hits="317" branch="False" />
            <line number="91" hits="316" branch="False" />
            <line number="96" hits="209" branch="False" />
            <line number="101" hits="209" branch="False" />
            <line number="106" hits="216" branch="False" />
            <line number="111" hits="108" branch="False" />
          </lines>
        </class>
        <class name="VisualStudioMcp.Imaging.SpecializedCapture" filename="VisualStudioMcp.Imaging\IImagingService.cs" line-rate="0" branch-rate="1" complexity="5">
          <methods>
            <method name="get_WindowType" signature="()" line-rate="0" branch-rate="1" complexity="1">
              <lines>
                <line number="122" hits="0" branch="False" />
              </lines>
            </method>
            <method name="get_Annotations" signature="()" line-rate="0" branch-rate="1" complexity="1">
              <lines>
                <line number="127" hits="0" branch="False" />
              </lines>
            </method>
            <method name="get_ExtractedText" signature="()" line-rate="0" branch-rate="1" complexity="1">
              <lines>
                <line number="132" hits="0" branch="False" />
              </lines>
            </method>
            <method name="get_UiElements" signature="()" line-rate="0" branch-rate="1" complexity="1">
              <lines>
                <line number="137" hits="0" branch="False" />
              </lines>
            </method>
            <method name="get_WindowMetadata" signature="()" line-rate="0" branch-rate="1" complexity="1">
              <lines>
                <line number="142" hits="0" branch="False" />
              </lines>
            </method>
          </methods>
          <lines>
            <line number="122" hits="0" branch="False" />
            <line number="127" hits="0" branch="False" />
            <line number="132" hits="0" branch="False" />
            <line number="137" hits="0" branch="False" />
            <line number="142" hits="0" branch="False" />
          </lines>
        </class>
        <class name="VisualStudioMcp.Imaging.FullIdeCapture" filename="VisualStudioMcp.Imaging\IImagingService.cs" line-rate="0" branch-rate="1" complexity="5">
          <methods>
            <method name="get_CompositeImage" signature="()" line-rate="0" branch-rate="1" complexity="1">
              <lines>
                <line number="153" hits="0" branch="False" />
              </lines>
            </method>
            <method name="get_WindowCaptures" signature="()" line-rate="0" branch-rate="1" complexity="1">
              <lines>
                <line number="158" hits="0" branch="False" />
              </lines>
            </method>
            <method name="get_Layout" signature="()" line-rate="0" branch-rate="1" complexity="1">
              <lines>
                <line number="163" hits="0" branch="False" />
              </lines>
            </method>
            <method name="get_CaptureTime" signature="()" line-rate="0" branch-rate="1" complexity="1">
              <lines>
                <line number="168" hits="0" branch="False" />
              </lines>
            </method>
            <method name="get_IdeMetadata" signature="()" line-rate="0" branch-rate="1" complexity="1">
              <lines>
                <line number="173" hits="0" branch="False" />
              </lines>
            </method>
          </methods>
          <lines>
            <line number="153" hits="0" branch="False" />
            <line number="158" hits="0" branch="False" />
            <line number="163" hits="0" branch="False" />
            <line number="168" hits="0" branch="False" />
            <line number="173" hits="0" branch="False" />
          </lines>
        </class>
        <class name="VisualStudioMcp.Imaging.CaptureAnnotation" filename="VisualStudioMcp.Imaging\IImagingService.cs" line-rate="0" branch-rate="1" complexity="5">
          <methods>
            <method name="get_Type" signature="()" line-rate="0" branch-rate="1" complexity="1">
              <lines>
                <line number="184" hits="0" branch="False" />
              </lines>
            </method>
            <method name="get_Bounds" signature="()" line-rate="0" branch-rate="1" complexity="1">
              <lines>
                <line number="189" hits="0" branch="False" />
              </lines>
            </method>
            <method name="get_Color" signature="()" line-rate="0" branch-rate="1" complexity="1">
              <lines>
                <line number="194" hits="0" branch="False" />
              </lines>
            </method>
            <method name="get_Label" signature="()" line-rate="0" branch-rate="1" complexity="1">
              <lines>
                <line number="199" hits="0" branch="False" />
              </lines>
            </method>
            <method name="get_Properties" signature="()" line-rate="0" branch-rate="1" complexity="1">
              <lines>
                <line number="204" hits="0" branch="False" />
              </lines>
            </method>
          </methods>
          <lines>
            <line number="184" hits="0" branch="False" />
            <line number="189" hits="0" branch="False" />
            <line number="194" hits="0" branch="False" />
            <line number="199" hits="0" branch="False" />
            <line number="204" hits="0" branch="False" />
          </lines>
        </class>
        <class name="VisualStudioMcp.Imaging.UiElement" filename="VisualStudioMcp.Imaging\IImagingService.cs" line-rate="0" branch-rate="1" complexity="4">
          <methods>
            <method name="get_Type" signature="()" line-rate="0" branch-rate="1" complexity="1">
              <lines>
                <line number="239" hits="0" branch="False" />
              </lines>
            </method>
            <method name="get_Bounds" signature="()" line-rate="0" branch-rate="1" complexity="1">
              <lines>
                <line number="244" hits="0" branch="False" />
              </lines>
            </method>
            <method name="get_Text" signature="()" line-rate="0" branch-rate="1" complexity="1">
              <lines>
                <line number="249" hits="0" branch="False" />
              </lines>
            </method>
            <method name="get_Properties" signature="()" line-rate="0" branch-rate="1" complexity="1">
              <lines>
                <line number="254" hits="0" branch="False" />
              </lines>
            </method>
          </methods>
          <lines>
            <line number="239" hits="0" branch="False" />
            <line number="244" hits="0" branch="False" />
            <line number="249" hits="0" branch="False" />
            <line number="254" hits="0" branch="False" />
          </lines>
        </class>
        <class name="VisualStudioMcp.Imaging.WindowSpecificMetadata" filename="VisualStudioMcp.Imaging\IImagingService.cs" line-rate="0" branch-rate="1" complexity="4">
          <methods>
            <method name="get_SolutionExplorer" signature="()" line-rate="0" branch-rate="1" complexity="1">
              <lines>
                <line number="301" hits="0" branch="False" />
              </lines>
            </method>
            <method name="get_Properties" signature="()" line-rate="0" branch-rate="1" complexity="1">
              <lines>
                <line number="306" hits="0" branch="False" />
              </lines>
            </method>
            <method name="get_ErrorList" signature="()" line-rate="0" branch-rate="1" complexity="1">
              <lines>
                <line number="311" hits="0" branch="False" />
              </lines>
            </method>
            <method name="get_CodeEditor" signature="()" line-rate="0" branch-rate="1" complexity="1">
              <lines>
                <line number="316" hits="0" branch="False" />
              </lines>
            </method>
          </methods>
          <lines>
            <line number="301" hits="0" branch="False" />
            <line number="306" hits="0" branch="False" />
            <line number="311" hits="0" branch="False" />
            <line number="316" hits="0" branch="False" />
          </lines>
        </class>
        <class name="VisualStudioMcp.Imaging.SolutionExplorerMetadata" filename="VisualStudioMcp.Imaging\IImagingService.cs" line-rate="0" branch-rate="1" complexity="3">
          <methods>
            <method name="get_ExpandedNodes" signature="()" line-rate="0" branch-rate="1" complexity="1">
              <lines>
                <line number="327" hits="0" branch="False" />
              </lines>
            </method>
            <method name="get_SelectedItem" signature="()" line-rate="0" branch-rate="1" complexity="1">
              <lines>
                <line number="332" hits="0" branch="False" />
              </lines>
            </method>
            <method name="get_ProjectCount" signature="()" line-rate="0" branch-rate="1" complexity="1">
              <lines>
                <line number="337" hits="0" branch="False" />
              </lines>
            </method>
          </methods>
          <lines>
            <line number="327" hits="0" branch="False" />
            <line number="332" hits="0" branch="False" />
            <line number="337" hits="0" branch="False" />
          </lines>
        </class>
        <class name="VisualStudioMcp.Imaging.PropertiesWindowMetadata" filename="VisualStudioMcp.Imaging\IImagingService.cs" line-rate="0" branch-rate="1" complexity="3">
          <methods>
            <method name="get_SelectedObjectType" signature="()" line-rate="0" branch-rate="1" complexity="1">
              <lines>
                <line number="348" hits="0" branch="False" />
              </lines>
            </method>
            <method name="get_Categories" signature="()" line-rate="0" branch-rate="1" complexity="1">
              <lines>
                <line number="353" hits="0" branch="False" />
              </lines>
            </method>
            <method name="get_ModifiedProperties" signature="()" line-rate="0" branch-rate="1" complexity="1">
              <lines>
                <line number="358" hits="0" branch="False" />
              </lines>
            </method>
          </methods>
          <lines>
            <line number="348" hits="0" branch="False" />
            <line number="353" hits="0" branch="False" />
            <line number="358" hits="0" branch="False" />
          </lines>
        </class>
        <class name="VisualStudioMcp.Imaging.ErrorListMetadata" filename="VisualStudioMcp.Imaging\IImagingService.cs" line-rate="0" branch-rate="1" complexity="4">
          <methods>
            <method name="get_ErrorCount" signature="()" line-rate="0" branch-rate="1" complexity="1">
              <lines>
                <line number="369" hits="0" branch="False" />
              </lines>
            </method>
            <method name="get_WarningCount" signature="()" line-rate="0" branch-rate="1" complexity="1">
              <lines>
                <line number="374" hits="0" branch="False" />
              </lines>
            </method>
            <method name="get_MessageCount" signature="()" line-rate="0" branch-rate="1" complexity="1">
              <lines>
                <line number="379" hits="0" branch="False" />
              </lines>
            </method>
            <method name="get_ActiveFilter" signature="()" line-rate="0" branch-rate="1" complexity="1">
              <lines>
                <line number="384" hits="0" branch="False" />
              </lines>
            </method>
          </methods>
          <lines>
            <line number="369" hits="0" branch="False" />
            <line number="374" hits="0" branch="False" />
            <line number="379" hits="0" branch="False" />
            <line number="384" hits="0" branch="False" />
          </lines>
        </class>
        <class name="VisualStudioMcp.Imaging.CodeEditorMetadata" filename="VisualStudioMcp.Imaging\IImagingService.cs" line-rate="0" branch-rate="1" complexity="5">
          <methods>
            <method name="get_FileName" signature="()" line-rate="0" branch-rate="1" complexity="1">
              <lines>
                <line number="395" hits="0" branch="False" />
              </lines>
            </method>
            <method name="get_Language" signature="()" line-rate="0" branch-rate="1" complexity="1">
              <lines>
                <line number="400" hits="0" branch="False" />
              </lines>
            </method>
            <method name="get_CurrentLine" signature="()" line-rate="0" branch-rate="1" complexity="1">
              <lines>
                <line number="405" hits="0" branch="False" />
              </lines>
            </method>
            <method name="get_CurrentColumn" signature="()" line-rate="0" branch-rate="1" complexity="1">
              <lines>
                <line number="410" hits="0" branch="False" />
              </lines>
            </method>
            <method name="get_SyntaxHighlightingActive" signature="()" line-rate="0" branch-rate="1" complexity="1">
              <lines>
                <line number="415" hits="0" branch="False" />
              </lines>
            </method>
          </methods>
          <lines>
            <line number="395" hits="0" branch="False" />
            <line number="400" hits="0" branch="False" />
            <line number="405" hits="0" branch="False" />
            <line number="410" hits="0" branch="False" />
            <line number="415" hits="0" branch="False" />
          </lines>
        </class>
        <class name="VisualStudioMcp.Imaging.ImagingService" filename="VisualStudioMcp.Imaging\ImagingService.cs" line-rate="0.10550000000000001" branch-rate="0.0789" complexity="86">
          <methods>
            <method name="FindWindowByTitle" signature="(System.String)" line-rate="0" branch-rate="0" complexity="6">
              <lines>
                <line number="117" hits="0" branch="False" />
                <line number="119" hits="0" branch="False" />
                <line number="121" hits="0" branch="False" />
                <line number="122" hits="0" branch="True" condition-coverage="0% (0/4)">
                  <conditions>
                    <condition number="16" type="jump" coverage="0%" />
                    <condition number="29" type="jump" coverage="0%" />
                  </conditions>
                </line>
                <line number="123" hits="0" branch="False" />
                <line number="125" hits="0" branch="True" condition-coverage="0% (0/2)">
                  <conditions>
                    <condition number="41" type="jump" coverage="0%" />
                  </conditions>
                </line>
                <line number="126" hits="0" branch="False" />
                <line number="127" hits="0" branch="False" />
                <line number="129" hits="0" branch="False" />
                <line number="130" hits="0" branch="False" />
                <line number="133" hits="0" branch="False" />
                <line number="135" hits="0" branch="False" />
                <line number="136" hits="0" branch="False" />
                <line number="137" hits="0" branch="False" />
                <line number="138" hits="0" branch="False" />
                <line number="140" hits="0" branch="False" />
              </lines>
            </method>
            <method name="FindWindowByPartialTitle" signature="(System.String)" line-rate="0" branch-rate="0" complexity="10">
              <lines>
                <line number="146" hits="0" branch="False" />
                <line number="147" hits="0" branch="False" />
                <line number="150" hits="0" branch="False" />
                <line number="151" hits="0" branch="False" />
                <line number="152" hits="0" branch="False" />
                <line number="153" hits="0" branch="True" condition-coverage="0% (0/2)">
                  <conditions>
                    <condition number="12" type="jump" coverage="0%" />
                  </conditions>
                </line>
                <line number="154" hits="0" branch="False" />
                <line number="155" hits="0" branch="False" />
                <line number="156" hits="0" branch="False" />
                <line number="157" hits="0" branch="False" />
                <line number="158" hits="0" branch="False" />
                <line number="159" hits="0" branch="False" />
                <line number="160" hits="0" branch="False" />
                <line number="161" hits="0" branch="False" />
                <line number="162" hits="0" branch="True" condition-coverage="0% (0/2)">
                  <conditions>
                    <condition number="37" type="jump" coverage="0%" />
                  </conditions>
                </line>
                <line number="163" hits="0" branch="False" />
                <line number="164" hits="0" branch="False" />
                <line number="165" hits="0" branch="False" />
                <line number="166" hits="0" branch="False" />
                <line number="167" hits="0" branch="False" />
                <line number="168" hits="0" branch="False" />
                <line number="169" hits="0" branch="True" condition-coverage="0% (0/4)">
                  <conditions>
                    <condition number="82" type="jump" coverage="0%" />
                    <condition number="105" type="jump" coverage="0%" />
                  </conditions>
                </line>
                <line number="170" hits="0" branch="False" />
                <line number="171" hits="0" branch="False" />
                <line number="172" hits="0" branch="False" />
                <line number="173" hits="0" branch="True" condition-coverage="0% (0/2)">
                  <conditions>
                    <condition number="124" type="jump" coverage="0%" />
                  </conditions>
                </line>
                <line number="174" hits="0" branch="False" />
                <line number="175" hits="0" branch="False" />
                <line number="176" hits="0" branch="False" />
                <line number="177" hits="0" branch="False" />
                <line number="178" hits="0" branch="False" />
                <line number="179" hits="0" branch="False" />
                <line number="180" hits="0" branch="False" />
                <line number="181" hits="0" branch="False" />
                <line number="182" hits="0" branch="False" />
                <line number="183" hits="0" branch="False" />
                <line number="184" hits="0" branch="False" />
                <line number="185" hits="0" branch="False" />
                <line number="186" hits="0" branch="False" />
                <line number="187" hits="0" branch="False" />
                <line number="188" hits="0" branch="False" />
                <line number="189" hits="0" branch="False" />
                <line number="190" hits="0" branch="False" />
                <line number="191" hits="0" branch="False" />
                <line number="192" hits="0" branch="False" />
                <line number="194" hits="0" branch="False" />
                <line number="195" hits="0" branch="False" />
              </lines>
            </method>
            <method name="FindVisualStudioMainWindow" signature="()" line-rate="0" branch-rate="0" complexity="8">
              <lines>
                <line number="201" hits="0" branch="False" />
                <line number="203" hits="0" branch="False" />
                <line number="205" hits="0" branch="False" />
                <line number="207" hits="0" branch="True" condition-coverage="0% (0/2)">
                  <conditions>
                    <condition number="130" type="jump" coverage="0%" />
                  </conditions>
                </line>
                <line number="208" hits="0" branch="False" />
                <line number="209" hits="0" branch="False" />
                <line number="210" hits="0" branch="True" condition-coverage="0% (0/4)">
                  <conditions>
                    <condition number="53" type="jump" coverage="0%" />
                    <condition number="69" type="jump" coverage="0%" />
                  </conditions>
                </line>
                <line number="211" hits="0" branch="False" />
                <line number="213" hits="0" branch="True" condition-coverage="0% (0/2)">
                  <conditions>
                    <condition number="84" type="jump" coverage="0%" />
                  </conditions>
                </line>
                <line number="214" hits="0" branch="False" />
                <line number="215" hits="0" branch="False" />
                <line number="217" hits="0" branch="False" />
                <line number="218" hits="0" branch="False" />
                <line number="219" hits="0" branch="False" />
                <line number="222" hits="0" branch="False" />
                <line number="224" hits="0" branch="False" />
                <line number="225" hits="0" branch="False" />
                <line number="226" hits="0" branch="False" />
                <line number="227" hits="0" branch="False" />
                <line number="229" hits="0" branch="False" />
              </lines>
            </method>
            <method name="CaptureWindowByHandle" signature="(System.IntPtr)" line-rate="0" branch-rate="0" complexity="10">
              <lines>
                <line number="235" hits="0" branch="False" />
                <line number="237" hits="0" branch="False" />
                <line number="239" hits="0" branch="True" condition-coverage="0% (0/2)">
                  <conditions>
                    <condition number="16" type="jump" coverage="0%" />
                  </conditions>
                </line>
                <line number="240" hits="0" branch="False" />
                <line number="241" hits="0" branch="False" />
                <line number="242" hits="0" branch="False" />
                <line number="245" hits="0" branch="True" condition-coverage="0% (0/2)">
                  <conditions>
                    <condition number="79" type="jump" coverage="0%" />
                  </conditions>
                </line>
                <line number="246" hits="0" branch="False" />
                <line number="247" hits="0" branch="False" />
                <line number="248" hits="0" branch="False" />
                <line number="249" hits="0" branch="False" />
                <line number="252" hits="0" branch="False" />
                <line number="253" hits="0" branch="False" />
                <line number="255" hits="0" branch="True" condition-coverage="0% (0/4)">
                  <conditions>
                    <condition number="156" type="jump" coverage="0%" />
                    <condition number="172" type="jump" coverage="0%" />
                  </conditions>
                </line>
                <line number="256" hits="0" branch="False" />
                <line number="257" hits="0" branch="False" />
                <line number="258" hits="0" branch="False" />
                <line number="261" hits="0" branch="False" />
                <line number="262" hits="0" branch="True" condition-coverage="0% (0/2)">
                  <conditions>
                    <condition number="244" type="jump" coverage="0%" />
                  </conditions>
                </line>
                <line number="263" hits="0" branch="False" />
                <line number="264" hits="0" branch="False" />
                <line number="265" hits="0" branch="False" />
                <line number="268" hits="0" branch="False" />
                <line number="270" hits="0" branch="False" />
                <line number="271" hits="0" branch="False" />
                <line number="272" hits="0" branch="False" />
                <line number="273" hits="0" branch="False" />
                <line number="275" hits="0" branch="False" />
              </lines>
            </method>
            <method name="CaptureScreenRegion" signature="(System.Int32,System.Int32,System.Int32,System.Int32)" line-rate="0" branch-rate="0" complexity="2">
              <lines>
                <line number="281" hits="0" branch="False" />
                <line number="283" hits="0" branch="False" />
                <line number="284" hits="0" branch="False" />
                <line number="285" hits="0" branch="True" condition-coverage="0% (0/2)">
                  <conditions>
                    <condition number="14" type="jump" coverage="0%" />
                  </conditions>
                </line>
                <line number="286" hits="0" branch="False" />
                <line number="287" hits="0" branch="False" />
                <line number="288" hits="0" branch="False" />
                <line number="291" hits="0" branch="False" />
                <line number="293" hits="0" branch="False" />
                <line number="294" hits="0" branch="False" />
                <line number="295" hits="0" branch="False" />
                <line number="296" hits="0" branch="False" />
                <line number="298" hits="0" branch="False" />
              </lines>
            </method>
            <method name="CaptureFromDCSecurely" signature="(System.IntPtr,System.Int32,System.Int32,System.Int32,System.Int32)" line-rate="0.39649999999999996" branch-rate="0.5" complexity="12">
              <lines>
                <line number="304" hits="8" branch="False" />
                <line number="306" hits="8" branch="False" />
                <line number="309" hits="8" branch="False" />
                <line number="311" hits="8" branch="True" condition-coverage="100% (2/2)">
                  <conditions>
                    <condition number="26" type="jump" coverage="100%" />
                  </conditions>
                </line>
                <line number="312" hits="1" branch="False" />
                <line number="313" hits="1" branch="False" />
                <line number="314" hits="1" branch="False" />
                <line number="315" hits="1" branch="False" />
                <line number="318" hits="1" branch="True" condition-coverage="50% (1/2)">
                  <conditions>
                    <condition number="108" type="jump" coverage="50%" />
                  </conditions>
                </line>
                <line number="319" hits="1" branch="False" />
                <line number="320" hits="1" branch="False" />
                <line number="321" hits="1" branch="False" />
                <line number="322" hits="1" branch="False" />
                <line number="324" hits="0" branch="False" />
                <line number="327" hits="7" branch="False" />
                <line number="328" hits="7" branch="True" condition-coverage="50% (1/2)">
                  <conditions>
                    <condition number="189" type="jump" coverage="50%" />
                  </conditions>
                </line>
                <line number="329" hits="0" branch="False" />
                <line number="330" hits="0" branch="False" />
                <line number="331" hits="0" branch="False" />
                <line number="332" hits="0" branch="False" />
                <line number="333" hits="0" branch="False" />
                <line number="334" hits="0" branch="False" />
                <line number="335" hits="0" branch="False" />
                <line number="336" hits="7" branch="False" />
                <line number="337" hits="7" branch="True" condition-coverage="50% (1/2)">
                  <conditions>
                    <condition number="265" type="jump" coverage="50%" />
                  </conditions>
                </line>
                <line number="338" hits="0" branch="False" />
                <line number="339" hits="0" branch="False" />
                <line number="340" hits="0" branch="False" />
                <line number="343" hits="7" branch="False" />
                <line number="344" hits="7" branch="True" condition-coverage="50% (1/2)">
                  <conditions>
                    <condition number="322" type="jump" coverage="50%" />
                  </conditions>
                </line>
                <line number="345" hits="7" branch="False" />
                <line number="346" hits="7" branch="False" />
                <line number="347" hits="7" branch="False" />
                <line number="351" hits="0" branch="False" />
                <line number="354" hits="0" branch="True" condition-coverage="0% (0/2)">
                  <conditions>
                    <condition number="426" type="jump" coverage="0%" />
                  </conditions>
                </line>
                <line number="355" hits="0" branch="False" />
                <line number="356" hits="0" branch="False" />
                <line number="357" hits="0" branch="False" />
                <line number="358" hits="0" branch="False" />
                <line number="362" hits="0" branch="False" />
                <line number="363" hits="0" branch="False" />
                <line number="365" hits="0" branch="False" />
                <line number="366" hits="0" branch="False" />
                <line number="367" hits="0" branch="False" />
                <line number="368" hits="0" branch="False" />
                <line number="369" hits="0" branch="False" />
                <line number="370" hits="0" branch="False" />
                <line number="371" hits="0" branch="False" />
                <line number="372" hits="0" branch="False" />
                <line number="374" hits="0" branch="False" />
                <line number="375" hits="0" branch="False" />
                <line number="376" hits="0" branch="False" />
                <line number="378" hits="0" branch="False" />
                <line number="380" hits="0" branch="False" />
                <line number="381" hits="0" branch="False" />
                <line number="382" hits="0" branch="False" />
                <line number="383" hits="0" branch="False" />
                <line number="386" hits="8" branch="False" />
              </lines>
            </method>
            <method name="ConvertImageToByteArray" signature="(System.Drawing.Image,System.Drawing.Imaging.ImageFormat)" line-rate="0" branch-rate="1" complexity="1">
              <lines>
                <line number="392" hits="0" branch="False" />
                <line number="393" hits="0" branch="False" />
                <line number="394" hits="0" branch="False" />
                <line number="395" hits="0" branch="False" />
                <line number="396" hits="0" branch="False" />
              </lines>
            </method>
            <method name="CreateEmptyCapture" signature="()" line-rate="1" branch-rate="1" complexity="1">
              <lines>
                <line number="402" hits="108" branch="False" />
                <line number="403" hits="108" branch="False" />
                <line number="404" hits="108" branch="False" />
                <line number="405" hits="108" branch="False" />
                <line number="406" hits="108" branch="False" />
                <line number="407" hits="108" branch="False" />
                <line number="408" hits="108" branch="False" />
                <line number="409" hits="108" branch="False" />
                <line number="410" hits="108" branch="False" />
                <line number="411" hits="108" branch="False" />
              </lines>
            </method>
            <method name="SaveCaptureToFile" signature="(VisualStudioMcp.Imaging.ImageCapture,System.String)" line-rate="0" branch-rate="0" complexity="6">
              <lines>
                <line number="417" hits="0" branch="False" />
                <line number="419" hits="0" branch="False" />
                <line number="420" hits="0" branch="True" condition-coverage="0% (0/2)">
                  <conditions>
                    <condition number="14" type="jump" coverage="0%" />
                  </conditions>
                </line>
                <line number="421" hits="0" branch="False" />
                <line number="422" hits="0" branch="False" />
                <line number="426" hits="0" branch="False" />
                <line number="428" hits="0" branch="False" />
                <line number="429" hits="0" branch="True" condition-coverage="0% (0/4)">
                  <conditions>
                    <condition number="49" type="jump" coverage="0%" />
                    <condition number="65" type="jump" coverage="0%" />
                  </conditions>
                </line>
                <line number="430" hits="0" branch="False" />
                <line number="431" hits="0" branch="False" />
                <line number="432" hits="0" branch="False" />
                <line number="434" hits="0" branch="False" />
                <line number="436" hits="0" branch="False" />
                <line number="437" hits="0" branch="False" />
                <line number="438" hits="0" branch="False" />
                <line number="439" hits="0" branch="False" />
                <line number="440" hits="0" branch="False" />
                <line number="441" hits="0" branch="False" />
                <line number="443" hits="0" branch="False" />
              </lines>
            </method>
            <method name="ValidateWindowOwnership" signature="(System.IntPtr)" line-rate="0" branch-rate="0" complexity="4">
              <lines>
                <line number="449" hits="0" branch="False" />
                <line number="451" hits="0" branch="False" />
                <line number="452" hits="0" branch="True" condition-coverage="0% (0/2)">
                  <conditions>
                    <condition number="20" type="jump" coverage="0%" />
                  </conditions>
                </line>
                <line number="453" hits="0" branch="False" />
                <line number="456" hits="0" branch="False" />
                <line number="459" hits="0" branch="False" />
                <line number="463" hits="0" branch="False" />
                <line number="464" hits="0" branch="False" />
                <line number="467" hits="0" branch="False" />
                <line number="469" hits="0" branch="True" condition-coverage="0% (0/2)">
                  <conditions>
                    <condition number="110" type="jump" coverage="0%" />
                  </conditions>
                </line>
                <line number="471" hits="0" branch="False" />
                <line number="472" hits="0" branch="False" />
                <line number="473" hits="0" branch="False" />
                <line number="474" hits="0" branch="False" />
                <line number="476" hits="0" branch="False" />
              </lines>
            </method>
            <method name="ValidateFilePath" signature="(System.String)" line-rate="0" branch-rate="0" complexity="10">
              <lines>
                <line number="482" hits="0" branch="False" />
                <line number="483" hits="0" branch="True" condition-coverage="0% (0/2)">
                  <conditions>
                    <condition number="9" type="jump" coverage="0%" />
                  </conditions>
                </line>
                <line number="484" hits="0" branch="False" />
                <line number="485" hits="0" branch="False" />
                <line number="489" hits="0" branch="False" />
                <line number="491" hits="0" branch="False" />
                <line number="494" hits="0" branch="True" condition-coverage="0% (0/4)">
                  <conditions>
                    <condition number="48" type="jump" coverage="0%" />
                    <condition number="66" type="jump" coverage="0%" />
                  </conditions>
                </line>
                <line number="495" hits="0" branch="False" />
                <line number="496" hits="0" branch="False" />
                <line number="500" hits="0" branch="False" />
                <line number="501" hits="0" branch="False" />
                <line number="502" hits="0" branch="False" />
                <line number="503" hits="0" branch="False" />
                <line number="504" hits="0" branch="False" />
                <line number="505" hits="0" branch="False" />
                <line number="506" hits="0" branch="False" />
                <line number="508" hits="0" branch="True" condition-coverage="0% (0/2)">
                  <conditions>
                    <condition number="226" type="jump" coverage="0%" />
                  </conditions>
                </line>
                <line number="509" hits="0" branch="False" />
                <line number="510" hits="0" branch="True" condition-coverage="0% (0/2)">
                  <conditions>
                    <condition number="197" type="jump" coverage="0%" />
                  </conditions>
                </line>
                <line number="511" hits="0" branch="False" />
                <line number="512" hits="0" branch="False" />
                <line number="514" hits="0" branch="False" />
                <line number="516" hits="0" branch="False" />
                <line number="518" hits="0" branch="False" />
                <line number="519" hits="0" branch="False" />
                <line number="520" hits="0" branch="False" />
                <line number="521" hits="0" branch="False" />
                <line number="523" hits="0" branch="False" />
              </lines>
            </method>
            <method name="EstimateProjectCount" signature="(VisualStudioMcp.Imaging.SpecializedCapture)" line-rate="0" branch-rate="1" complexity="1">
              <lines>
                <line number="875" hits="0" branch="False" />
                <line number="877" hits="0" branch="False" />
                <line number="878" hits="0" branch="False" />
              </lines>
            </method>
            <method name="AddTreeStructureAnnotations" signature="(VisualStudioMcp.Imaging.SpecializedCapture)" line-rate="0" branch-rate="1" complexity="1">
              <lines>
                <line number="881" hits="0" branch="False" />
                <line number="883" hits="0" branch="False" />
                <line number="884" hits="0" branch="False" />
                <line number="885" hits="0" branch="False" />
                <line number="886" hits="0" branch="False" />
                <line number="887" hits="0" branch="False" />
                <line number="888" hits="0" branch="False" />
                <line number="889" hits="0" branch="False" />
                <line number="890" hits="0" branch="False" />
              </lines>
            </method>
            <method name="AddPropertyGridAnnotations" signature="(VisualStudioMcp.Imaging.SpecializedCapture)" line-rate="0" branch-rate="1" complexity="1">
              <lines>
                <line number="893" hits="0" branch="False" />
                <line number="895" hits="0" branch="False" />
                <line number="896" hits="0" branch="False" />
                <line number="897" hits="0" branch="False" />
                <line number="898" hits="0" branch="False" />
                <line number="899" hits="0" branch="False" />
                <line number="900" hits="0" branch="False" />
                <line number="901" hits="0" branch="False" />
                <line number="902" hits="0" branch="False" />
              </lines>
            </method>
            <method name="AddErrorListAnnotations" signature="(VisualStudioMcp.Imaging.SpecializedCapture)" line-rate="0" branch-rate="1" complexity="1">
              <lines>
                <line number="905" hits="0" branch="False" />
                <line number="907" hits="0" branch="False" />
                <line number="908" hits="0" branch="False" />
                <line number="909" hits="0" branch="False" />
                <line number="910" hits="0" branch="False" />
                <line number="911" hits="0" branch="False" />
                <line number="912" hits="0" branch="False" />
                <line number="913" hits="0" branch="False" />
                <line number="914" hits="0" branch="False" />
              </lines>
            </method>
            <method name="AddCodeStructureAnnotations" signature="(VisualStudioMcp.Imaging.SpecializedCapture)" line-rate="0" branch-rate="1" complexity="1">
              <lines>
                <line number="917" hits="0" branch="False" />
                <line number="919" hits="0" branch="False" />
                <line number="920" hits="0" branch="False" />
                <line number="921" hits="0" branch="False" />
                <line number="922" hits="0" branch="False" />
                <line number="923" hits="0" branch="False" />
                <line number="924" hits="0" branch="False" />
                <line number="925" hits="0" branch="False" />
                <line number="926" hits="0" branch="False" />
              </lines>
            </method>
            <method name="AddBasicWindowOutline" signature="(VisualStudioMcp.Imaging.SpecializedCapture)" line-rate="0" branch-rate="1" complexity="1">
              <lines>
                <line number="929" hits="0" branch="False" />
                <line number="931" hits="0" branch="False" />
                <line number="932" hits="0" branch="False" />
                <line number="933" hits="0" branch="False" />
                <line number="934" hits="0" branch="False" />
                <line number="935" hits="0" branch="False" />
                <line number="936" hits="0" branch="False" />
                <line number="937" hits="0" branch="False" />
                <line number="938" hits="0" branch="False" />
              </lines>
            </method>
            <method name="ExtractFileNameFromWindowTitle" signature="(System.IntPtr)" line-rate="0" branch-rate="0" complexity="6">
              <lines>
                <line number="941" hits="0" branch="False" />
                <line number="943" hits="0" branch="False" />
                <line number="944" hits="0" branch="False" />
                <line number="945" hits="0" branch="True" condition-coverage="0% (0/2)">
                  <conditions>
                    <condition number="15" type="jump" coverage="0%" />
                  </conditions>
                </line>
                <line number="946" hits="0" branch="False" />
                <line number="947" hits="0" branch="False" />
                <line number="948" hits="0" branch="False" />
                <line number="949" hits="0" branch="False" />
                <line number="952" hits="0" branch="False" />
                <line number="953" hits="0" branch="True" condition-coverage="0% (0/2)">
                  <conditions>
                    <condition number="86" type="jump" coverage="0%" />
                  </conditions>
                </line>
                <line number="954" hits="0" branch="False" />
                <line number="955" hits="0" branch="False" />
                <line number="956" hits="0" branch="True" condition-coverage="0% (0/2)">
                  <conditions>
                    <condition number="113" type="jump" coverage="0%" />
                  </conditions>
                </line>
                <line number="957" hits="0" branch="False" />
                <line number="958" hits="0" branch="False" />
                <line number="960" hits="0" branch="False" />
                <line number="961" hits="0" branch="False" />
                <line number="962" hits="0" branch="False" />
                <line number="963" hits="0" branch="False" />
                <line number="964" hits="0" branch="False" />
                <line number="965" hits="0" branch="False" />
                <line number="966" hits="0" branch="False" />
                <line number="968" hits="0" branch="False" />
                <line number="969" hits="0" branch="False" />
              </lines>
            </method>
            <method name="CreateEmptySpecializedCapture" signature="(VisualStudioMcp.Imaging.VisualStudioWindowType)" line-rate="0" branch-rate="1" complexity="1">
              <lines>
                <line number="972" hits="0" branch="False" />
                <line number="973" hits="0" branch="False" />
                <line number="974" hits="0" branch="False" />
                <line number="975" hits="0" branch="False" />
                <line number="976" hits="0" branch="False" />
                <line number="977" hits="0" branch="False" />
                <line number="978" hits="0" branch="False" />
                <line number="979" hits="0" branch="False" />
                <line number="980" hits="0" branch="False" />
                <line number="981" hits="0" branch="False" />
                <line number="982" hits="0" branch="False" />
              </lines>
            </method>
            <method name="&lt;CaptureFullIdeAsync&gt;b__4_0" signature="()" line-rate="0" branch-rate="0" complexity="2">
              <lines>
                <line number="55" hits="0" branch="False" />
                <line number="57" hits="0" branch="False" />
                <line number="59" hits="0" branch="False" />
                <line number="60" hits="0" branch="True" condition-coverage="0% (0/2)">
                  <conditions>
                    <condition number="19" type="jump" coverage="0%" />
                  </conditions>
                </line>
                <line number="61" hits="0" branch="False" />
                <line number="62" hits="0" branch="False" />
                <line number="63" hits="0" branch="False" />
                <line number="66" hits="0" branch="False" />
                <line number="68" hits="0" branch="False" />
                <line number="69" hits="0" branch="False" />
                <line number="70" hits="0" branch="False" />
                <line number="71" hits="0" branch="False" />
                <line number="73" hits="0" branch="False" />
              </lines>
            </method>
            <method name=".ctor" signature="(Microsoft.Extensions.Logging.ILogger`1&lt;VisualStudioMcp.Imaging.ImagingService&gt;,VisualStudioMcp.Imaging.IWindowClassificationService)" line-rate="1" branch-rate="1" complexity="1">
              <lines>
                <line number="19" hits="9" branch="False" />
                <line number="20" hits="9" branch="False" />
                <line number="21" hits="9" branch="False" />
                <line number="22" hits="9" branch="False" />
                <line number="23" hits="9" branch="False" />
              </lines>
            </method>
          </methods>
          <lines>
            <line number="117" hits="0" branch="False" />
            <line number="119" hits="0" branch="False" />
            <line number="121" hits="0" branch="False" />
            <line number="122" hits="0" branch="True" condition-coverage="0% (0/4)">
              <conditions>
                <condition number="16" type="jump" coverage="0%" />
                <condition number="29" type="jump" coverage="0%" />
              </conditions>
            </line>
            <line number="123" hits="0" branch="False" />
            <line number="125" hits="0" branch="True" condition-coverage="0% (0/2)">
              <conditions>
                <condition number="41" type="jump" coverage="0%" />
              </conditions>
            </line>
            <line number="126" hits="0" branch="False" />
            <line number="127" hits="0" branch="False" />
            <line number="129" hits="0" branch="False" />
            <line number="130" hits="0" branch="False" />
            <line number="133" hits="0" branch="False" />
            <line number="135" hits="0" branch="False" />
            <line number="136" hits="0" branch="False" />
            <line number="137" hits="0" branch="False" />
            <line number="138" hits="0" branch="False" />
            <line number="140" hits="0" branch="False" />
            <line number="146" hits="0" branch="False" />
            <line number="147" hits="0" branch="False" />
            <line number="150" hits="0" branch="False" />
            <line number="151" hits="0" branch="False" />
            <line number="152" hits="0" branch="False" />
            <line number="153" hits="0" branch="True" condition-coverage="0% (0/2)">
              <conditions>
                <condition number="12" type="jump" coverage="0%" />
              </conditions>
            </line>
            <line number="154" hits="0" branch="False" />
            <line number="155" hits="0" branch="False" />
            <line number="156" hits="0" branch="False" />
            <line number="157" hits="0" branch="False" />
            <line number="158" hits="0" branch="False" />
            <line number="159" hits="0" branch="False" />
            <line number="160" hits="0" branch="False" />
            <line number="161" hits="0" branch="False" />
            <line number="162" hits="0" branch="True" condition-coverage="0% (0/2)">
              <conditions>
                <condition number="37" type="jump" coverage="0%" />
              </conditions>
            </line>
            <line number="163" hits="0" branch="False" />
            <line number="164" hits="0" branch="False" />
            <line number="165" hits="0" branch="False" />
            <line number="166" hits="0" branch="False" />
            <line number="167" hits="0" branch="False" />
            <line number="168" hits="0" branch="False" />
            <line number="169" hits="0" branch="True" condition-coverage="0% (0/4)">
              <conditions>
                <condition number="82" type="jump" coverage="0%" />
                <condition number="105" type="jump" coverage="0%" />
              </conditions>
            </line>
            <line number="170" hits="0" branch="False" />
            <line number="171" hits="0" branch="False" />
            <line number="172" hits="0" branch="False" />
            <line number="173" hits="0" branch="True" condition-coverage="0% (0/2)">
              <conditions>
                <condition number="124" type="jump" coverage="0%" />
              </conditions>
            </line>
            <line number="174" hits="0" branch="False" />
            <line number="175" hits="0" branch="False" />
            <line number="176" hits="0" branch="False" />
            <line number="177" hits="0" branch="False" />
            <line number="178" hits="0" branch="False" />
            <line number="179" hits="0" branch="False" />
            <line number="180" hits="0" branch="False" />
            <line number="181" hits="0" branch="False" />
            <line number="182" hits="0" branch="False" />
            <line number="183" hits="0" branch="False" />
            <line number="184" hits="0" branch="False" />
            <line number="185" hits="0" branch="False" />
            <line number="186" hits="0" branch="False" />
            <line number="187" hits="0" branch="False" />
            <line number="188" hits="0" branch="False" />
            <line number="189" hits="0" branch="False" />
            <line number="190" hits="0" branch="False" />
            <line number="191" hits="0" branch="False" />
            <line number="192" hits="0" branch="False" />
            <line number="194" hits="0" branch="False" />
            <line number="195" hits="0" branch="False" />
            <line number="201" hits="0" branch="False" />
            <line number="203" hits="0" branch="False" />
            <line number="205" hits="0" branch="False" />
            <line number="207" hits="0" branch="True" condition-coverage="0% (0/2)">
              <conditions>
                <condition number="130" type="jump" coverage="0%" />
              </conditions>
            </line>
            <line number="208" hits="0" branch="False" />
            <line number="209" hits="0" branch="False" />
            <line number="210" hits="0" branch="True" condition-coverage="0% (0/4)">
              <conditions>
                <condition number="53" type="jump" coverage="0%" />
                <condition number="69" type="jump" coverage="0%" />
              </conditions>
            </line>
            <line number="211" hits="0" branch="False" />
            <line number="213" hits="0" branch="True" condition-coverage="0% (0/2)">
              <conditions>
                <condition number="84" type="jump" coverage="0%" />
              </conditions>
            </line>
            <line number="214" hits="0" branch="False" />
            <line number="215" hits="0" branch="False" />
            <line number="217" hits="0" branch="False" />
            <line number="218" hits="0" branch="False" />
            <line number="219" hits="0" branch="False" />
            <line number="222" hits="0" branch="False" />
            <line number="224" hits="0" branch="False" />
            <line number="225" hits="0" branch="False" />
            <line number="226" hits="0" branch="False" />
            <line number="227" hits="0" branch="False" />
            <line number="229" hits="0" branch="False" />
            <line number="235" hits="0" branch="False" />
            <line number="237" hits="0" branch="False" />
            <line number="239" hits="0" branch="True" condition-coverage="0% (0/2)">
              <conditions>
                <condition number="16" type="jump" coverage="0%" />
              </conditions>
            </line>
            <line number="240" hits="0" branch="False" />
            <line number="241" hits="0" branch="False" />
            <line number="242" hits="0" branch="False" />
            <line number="245" hits="0" branch="True" condition-coverage="0% (0/2)">
              <conditions>
                <condition number="79" type="jump" coverage="0%" />
              </conditions>
            </line>
[...]
            <line number="60" hits="35" branch="False" />
            <line number="63" hits="35" branch="False" />
            <line number="64" hits="35" branch="False" />
            <line number="67" hits="35" branch="False" />
            <line number="68" hits="35" branch="False" />
            <line number="83" hits="35" branch="False" />
            <line number="84" hits="35" branch="False" />
            <line number="89" hits="35" branch="False" />
            <line number="90" hits="35" branch="False" />
            <line number="91" hits="35" branch="False" />
            <line number="93" hits="35" branch="False" />
            <line number="97" hits="35" branch="False" />
            <line number="99" hits="35" branch="False" />
            <line number="104" hits="35" branch="False" />
            <line number="109" hits="35" branch="False" />
            <line number="110" hits="35" branch="False" />
            <line number="112" hits="35" branch="False" />
          </lines>
        </class>
        <class name="VisualStudioMcp.Imaging.WindowClassificationService/&lt;FindWindowsByTypeAsync&gt;d__10" filename="VisualStudioMcp.Imaging\WindowClassificationService.cs" line-rate="1" branch-rate="1" complexity="1">
          <methods>
            <method name="MoveNext" signature="()" line-rate="1" branch-rate="1" complexity="1">
              <lines>
                <line number="205" hits="1" branch="False" />
                <line number="206" hits="1" branch="False" />
                <line number="208" hits="1" branch="False" />
              </lines>
            </method>
          </methods>
          <lines>
            <line number="205" hits="1" branch="False" />
            <line number="206" hits="1" branch="False" />
            <line number="208" hits="1" branch="False" />
          </lines>
        </class>
        <class name="VisualStudioMcp.Imaging.WindowClassificationService/&lt;GetActiveWindowAsync&gt;d__9" filename="VisualStudioMcp.Imaging\WindowClassificationService.cs" line-rate="1" branch-rate="1" complexity="1">
          <methods>
            <method name="MoveNext" signature="()" line-rate="1" branch-rate="1" complexity="1">
              <lines>
                <line number="176" hits="2" branch="False" />
                <line number="177" hits="2" branch="False" />
                <line number="179" hits="2" branch="False" />
                <line number="185" hits="2" branch="False" />
                <line number="186" hits="2" branch="False" />
                <line number="192" hits="2" branch="False" />
                <line number="193" hits="2" branch="False" />
                <line number="195" hits="2" branch="False" />
                <line number="200" hits="2" branch="False" />
                <line number="202" hits="2" branch="False" />
              </lines>
            </method>
          </methods>
          <lines>
            <line number="176" hits="2" branch="False" />
            <line number="177" hits="2" branch="False" />
            <line number="179" hits="2" branch="False" />
            <line number="185" hits="2" branch="False" />
            <line number="186" hits="2" branch="False" />
            <line number="192" hits="2" branch="False" />
            <line number="193" hits="2" branch="False" />
            <line number="195" hits="2" branch="False" />
            <line number="200" hits="2" branch="False" />
            <line number="202" hits="2" branch="False" />
          </lines>
        </class>
      </classes>
    </package>
    <package name="VisualStudioMcp.Shared" line-rate="0" branch-rate="1" complexity="43">
      <classes>
        <class name="VisualStudioMcp.Shared.Models.BuildError" filename="VisualStudioMcp.Shared\Models\BuildError.cs" line-rate="0" branch-rate="1" complexity="6">
          <methods>
            <method name="get_File" signature="()" line-rate="0" branch-rate="1" complexity="1">
              <lines>
                <line number="11" hits="0" branch="False" />
              </lines>
            </method>
            <method name="get_Line" signature="()" line-rate="0" branch-rate="1" complexity="1">
              <lines>
                <line number="16" hits="0" branch="False" />
              </lines>
            </method>
            <method name="get_Column" signature="()" line-rate="0" branch-rate="1" complexity="1">
              <lines>
                <line number="21" hits="0" branch="False" />
              </lines>
            </method>
            <method name="get_Code" signature="()" line-rate="0" branch-rate="1" complexity="1">
              <lines>
                <line number="26" hits="0" branch="False" />
              </lines>
            </method>
            <method name="get_Message" signature="()" line-rate="0" branch-rate="1" complexity="1">
              <lines>
                <line number="31" hits="0" branch="False" />
              </lines>
            </method>
            <method name="get_Project" signature="()" line-rate="0" branch-rate="1" complexity="1">
              <lines>
                <line number="36" hits="0" branch="False" />
              </lines>
            </method>
          </methods>
          <lines>
            <line number="11" hits="0" branch="False" />
            <line number="16" hits="0" branch="False" />
            <line number="21" hits="0" branch="False" />
            <line number="26" hits="0" branch="False" />
            <line number="31" hits="0" branch="False" />
            <line number="36" hits="0" branch="False" />
          </lines>
        </class>
        <class name="VisualStudioMcp.Shared.Models.BuildResult" filename="VisualStudioMcp.Shared\Models\BuildResult.cs" line-rate="0" branch-rate="1" complexity="8">
          <methods>
            <method name="get_Success" signature="()" line-rate="0" branch-rate="1" complexity="1">
              <lines>
                <line number="11" hits="0" branch="False" />
              </lines>
            </method>
            <method name="get_Output" signature="()" line-rate="0" branch-rate="1" complexity="1">
              <lines>
                <line number="16" hits="0" branch="False" />
              </lines>
            </method>
            <method name="get_Errors" signature="()" line-rate="0" branch-rate="1" complexity="1">
              <lines>
                <line number="21" hits="0" branch="False" />
              </lines>
            </method>
            <method name="get_Warnings" signature="()" line-rate="0" branch-rate="1" complexity="1">
              <lines>
                <line number="26" hits="0" branch="False" />
              </lines>
            </method>
            <method name="get_Duration" signature="()" line-rate="0" branch-rate="1" complexity="1">
              <lines>
                <line number="31" hits="0" branch="False" />
              </lines>
            </method>
            <method name="get_Configuration" signature="()" line-rate="0" branch-rate="1" complexity="1">
              <lines>
                <line number="36" hits="0" branch="False" />
              </lines>
            </method>
            <method name="get_ErrorCount" signature="()" line-rate="0" branch-rate="1" complexity="1">
              <lines>
                <line number="41" hits="0" branch="False" />
              </lines>
            </method>
            <method name="get_WarningCount" signature="()" line-rate="0" branch-rate="1" complexity="1">
              <lines>
                <line number="46" hits="0" branch="False" />
              </lines>
            </method>
          </methods>
          <lines>
            <line number="11" hits="0" branch="False" />
            <line number="16" hits="0" branch="False" />
            <line number="21" hits="0" branch="False" />
            <line number="26" hits="0" branch="False" />
            <line number="31" hits="0" branch="False" />
            <line number="36" hits="0" branch="False" />
            <line number="41" hits="0" branch="False" />
            <line number="46" hits="0" branch="False" />
          </lines>
        </class>
        <class name="VisualStudioMcp.Shared.Models.BuildWarning" filename="VisualStudioMcp.Shared\Models\BuildWarning.cs" line-rate="0" branch-rate="1" complexity="6">
          <methods>
            <method name="get_File" signature="()" line-rate="0" branch-rate="1" complexity="1">
              <lines>
                <line number="11" hits="0" branch="False" />
              </lines>
            </method>
            <method name="get_Line" signature="()" line-rate="0" branch-rate="1" complexity="1">
              <lines>
                <line number="16" hits="0" branch="False" />
              </lines>
            </method>
            <method name="get_Column" signature="()" line-rate="0" branch-rate="1" complexity="1">
              <lines>
                <line number="21" hits="0" branch="False" />
              </lines>
            </method>
            <method name="get_Code" signature="()" line-rate="0" branch-rate="1" complexity="1">
              <lines>
                <line number="26" hits="0" branch="False" />
              </lines>
            </method>
            <method name="get_Message" signature="()" line-rate="0" branch-rate="1" complexity="1">
              <lines>
                <line number="31" hits="0" branch="False" />
              </lines>
            </method>
            <method name="get_Project" signature="()" line-rate="0" branch-rate="1" complexity="1">
              <lines>
                <line number="36" hits="0" branch="False" />
              </lines>
            </method>
          </methods>
          <lines>
            <line number="11" hits="0" branch="False" />
            <line number="16" hits="0" branch="False" />
            <line number="21" hits="0" branch="False" />
            <line number="26" hits="0" branch="False" />
            <line number="31" hits="0" branch="False" />
            <line number="36" hits="0" branch="False" />
          </lines>
        </class>
        <class name="VisualStudioMcp.Shared.Models.McpToolResult" filename="VisualStudioMcp.Shared\Models\McpToolResult.cs" line-rate="0" branch-rate="1" complexity="7">
          <methods>
            <method name="get_Success" signature="()" line-rate="0" branch-rate="1" complexity="1">
              <lines>
                <line number="11" hits="0" branch="False" />
              </lines>
            </method>
            <method name="get_Data" signature="()" line-rate="0" branch-rate="1" complexity="1">
              <lines>
                <line number="16" hits="0" branch="False" />
              </lines>
            </method>
            <method name="get_ErrorMessage" signature="()" line-rate="0" branch-rate="1" complexity="1">
              <lines>
                <line number="21" hits="0" branch="False" />
              </lines>
            </method>
            <method name="get_ErrorCode" signature="()" line-rate="0" branch-rate="1" complexity="1">
              <lines>
                <line number="26" hits="0" branch="False" />
              </lines>
            </method>
            <method name="get_ErrorDetails" signature="()" line-rate="0" branch-rate="1" complexity="1">
              <lines>
                <line number="31" hits="0" branch="False" />
              </lines>
            </method>
            <method name="CreateSuccess" signature="(System.Object)" line-rate="0" branch-rate="1" complexity="1">
              <lines>
                <line number="37" hits="0" branch="False" />
                <line number="38" hits="0" branch="False" />
                <line number="39" hits="0" branch="False" />
                <line number="40" hits="0" branch="False" />
                <line number="41" hits="0" branch="False" />
                <line number="42" hits="0" branch="False" />
                <line number="43" hits="0" branch="False" />
              </lines>
            </method>
            <method name="CreateError" signature="(System.String,System.String,System.String)" line-rate="0" branch-rate="1" complexity="1">
              <lines>
                <line number="49" hits="0" branch="False" />
                <line number="50" hits="0" branch="False" />
                <line number="51" hits="0" branch="False" />
                <line number="52" hits="0" branch="False" />
                <line number="53" hits="0" branch="False" />
                <line number="54" hits="0" branch="False" />
                <line number="55" hits="0" branch="False" />
                <line number="56" hits="0" branch="False" />
                <line number="57" hits="0" branch="False" />
              </lines>
            </method>
          </methods>
          <lines>
            <line number="11" hits="0" branch="False" />
            <line number="16" hits="0" branch="False" />
            <line number="21" hits="0" branch="False" />
            <line number="26" hits="0" branch="False" />
            <line number="31" hits="0" branch="False" />
            <line number="37" hits="0" branch="False" />
            <line number="38" hits="0" branch="False" />
            <line number="39" hits="0" branch="False" />
            <line number="40" hits="0" branch="False" />
            <line number="41" hits="0" branch="False" />
            <line number="42" hits="0" branch="False" />
            <line number="43" hits="0" branch="False" />
            <line number="49" hits="0" branch="False" />
            <line number="50" hits="0" branch="False" />
            <line number="51" hits="0" branch="False" />
            <line number="52" hits="0" branch="False" />
            <line number="53" hits="0" branch="False" />
            <line number="54" hits="0" branch="False" />
            <line number="55" hits="0" branch="False" />
            <line number="56" hits="0" branch="False" />
            <line number="57" hits="0" branch="False" />
          </lines>
        </class>
        <class name="VisualStudioMcp.Shared.Models.ProjectInfo" filename="VisualStudioMcp.Shared\Models\ProjectInfo.cs" line-rate="0" branch-rate="1" complexity="6">
          <methods>
            <method name="get_FullPath" signature="()" line-rate="0" branch-rate="1" complexity="1">
              <lines>
                <line number="11" hits="0" branch="False" />
              </lines>
            </method>
            <method name="get_Name" signature="()" line-rate="0" branch-rate="1" complexity="1">
              <lines>
                <line number="16" hits="0" branch="False" />
              </lines>
            </method>
            <method name="get_ProjectType" signature="()" line-rate="0" branch-rate="1" complexity="1">
              <lines>
                <line number="21" hits="0" branch="False" />
              </lines>
            </method>
            <method name="get_TargetFrameworks" signature="()" line-rate="0" branch-rate="1" complexity="1">
              <lines>
                <line number="26" hits="0" branch="False" />
              </lines>
            </method>
            <method name="get_IsLoaded" signature="()" line-rate="0" branch-rate="1" complexity="1">
              <lines>
                <line number="31" hits="0" branch="False" />
              </lines>
            </method>
            <method name="get_ProjectReferences" signature="()" line-rate="0" branch-rate="1" complexity="1">
              <lines>
                <line number="36" hits="0" branch="False" />
              </lines>
            </method>
          </methods>
          <lines>
            <line number="11" hits="0" branch="False" />
            <line number="16" hits="0" branch="False" />
            <line number="21" hits="0" branch="False" />
            <line number="26" hits="0" branch="False" />
            <line number="31" hits="0" branch="False" />
            <line number="36" hits="0" branch="False" />
          </lines>
        </class>
        <class name="VisualStudioMcp.Shared.Models.SolutionInfo" filename="VisualStudioMcp.Shared\Models\SolutionInfo.cs" line-rate="0" branch-rate="1" complexity="5">
          <methods>
            <method name="get_FullPath" signature="()" line-rate="0" branch-rate="1" complexity="1">
              <lines>
                <line number="11" hits="0" branch="False" />
              </lines>
            </method>
            <method name="get_Name" signature="()" line-rate="0" branch-rate="1" complexity="1">
              <lines>
                <line number="16" hits="0" branch="False" />
              </lines>
            </method>
            <method name="get_Projects" signature="()" line-rate="0" branch-rate="1" complexity="1">
              <lines>
                <line number="21" hits="0" branch="False" />
              </lines>
            </method>
            <method name="get_IsOpen" signature="()" line-rate="0" branch-rate="1" complexity="1">
              <lines>
                <line number="26" hits="0" branch="False" />
              </lines>
            </method>
            <method name="get_ProjectCount" signature="()" line-rate="0" branch-rate="1" complexity="1">
              <lines>
                <line number="31" hits="0" branch="False" />
              </lines>
            </method>
          </methods>
          <lines>
            <line number="11" hits="0" branch="False" />
            <line number="16" hits="0" branch="False" />
            <line number="21" hits="0" branch="False" />
            <line number="26" hits="0" branch="False" />
            <line number="31" hits="0" branch="False" />
          </lines>
        </class>
        <class name="VisualStudioMcp.Shared.Models.VisualStudioInstance" filename="VisualStudioMcp.Shared\Models\VisualStudioInstance.cs" line-rate="0" branch-rate="1" complexity="5">
          <methods>
            <method name="get_ProcessId" signature="()" line-rate="0" branch-rate="1" complexity="1">
              <lines>
                <line number="11" hits="0" branch="False" />
              </lines>
            </method>
            <method name="get_Version" signature="()" line-rate="0" branch-rate="1" complexity="1">
              <lines>
                <line number="16" hits="0" branch="False" />
              </lines>
            </method>
            <method name="get_SolutionName" signature="()" line-rate="0" branch-rate="1" complexity="1">
              <lines>
                <line number="21" hits="0" branch="False" />
              </lines>
            </method>
            <method name="get_StartTime" signature="()" line-rate="0" branch-rate="1" complexity="1">
              <lines>
                <line number="26" hits="0" branch="False" />
              </lines>
            </method>
            <method name="get_IsConnected" signature="()" line-rate="0" branch-rate="1" complexity="1">
              <lines>
                <line number="31" hits="0" branch="False" />
              </lines>
            </method>
          </methods>
          <lines>
            <line number="11" hits="0" branch="False" />
            <line number="16" hits="0" branch="False" />
            <line number="21" hits="0" branch="False" />
            <line number="26" hits="0" branch="False" />
            <line number="31" hits="0" branch="False" />
          </lines>
        </class>
      </classes>
    </package>
  </packages>
</coverage>